[2024-06-05 18:43:46][INFO] This is a test log message
[2024-06-05 18:48:46][INFO] This is a test log message
[2024-06-05 18:49:35][INFO] This is a test log message
[2024-06-05 18:53:08][INFO] This is a test log message
[2024-06-05 18:53:08][ERROR] This is a test log message
[2024-06-05 18:56:06][INFO] This is a test log message
[2024-06-05 18:56:06][ERROR] This is a test log message
[2024-06-05 18:57:23][INFO] This is a test log message
[2024-06-05 18:57:23][ERROR] This is a test log message
[2024-06-05 19:01:25][INFO] This is a test log message
[2024-06-05 19:01:25][ERROR] This is a test log message
[2024-06-05 19:10:26][INFO] This is a test log message
[2024-06-05 19:10:26][ERROR] This is a test log message
[2024-06-05 19:19:19][INFO] This is a test log message
[2024-06-05 19:19:19][ERROR] This is a test log message
[2024-06-05 19:19:37][INFO] This is a test log message
[2024-06-05 19:19:37][ERROR] This is a test log message
[2024-06-05 19:19:39][INFO] This is a test log message
[2024-06-05 19:19:39][ERROR] This is a test log message
[2024-06-05 19:21:33][INFO] This is a test log message
[2024-06-05 19:21:33][ERROR] This is a test log message
[2024-06-05 19:21:42][INFO] This is a test log message
[2024-06-05 19:21:42][ERROR] This is a test log message
[2024-06-05 19:27:08][INFO] This is a test log message
[2024-06-05 19:27:08][ERROR] This is a test log message
[2024-06-05 19:31:32][INFO] This is a test log message
[2024-06-05 19:31:32][ERROR] This is a test log message
[2024-06-05 19:33:49][INFO] This is a test log message
[2024-06-05 19:33:49][ERROR] This is a test log message
[2024-06-05 19:34:39][INFO] This is a test log message
[2024-06-05 19:34:39][ERROR] This is a test log message
[2024-06-05 19:35:44][INFO] Forwarding -> 
[2024-06-05 19:36:36][INFO] Forwarding -> 
[2024-06-05 19:36:48][INFO] <QuerySet []>
[2024-06-05 19:36:48][INFO] Forwarding -> 
[2024-06-05 19:37:42][INFO] <QuerySet [<CallForwardingRecords: CallForwardingRecords object (2)>]>
[2024-06-05 19:37:42][INFO] Forwarding -> 
[2024-06-05 19:38:12][INFO] CallForwardingRecords object (2)
[2024-06-05 19:38:12][INFO] Forwarding -> 
[2024-06-05 19:38:32][INFO] DestinationRecords object (+4369918822211)
[2024-06-05 19:38:32][INFO] Forwarding -> 
[2024-06-05 19:40:20][INFO] DestinationRecords object (+4369918822211)
[2024-06-05 19:40:20][INFO] Forwarding -> 
[2024-06-05 19:43:08][INFO] <QuerySet [{'id': 2, 'calledNumber': '+4367763106443', 'username': 'schwerti', 'destination_id': '+4369918822211', 'startDate': datetime.date(2024, 6, 5), 'endDate': datetime.date(2024, 6, 5)}]>
[2024-06-05 19:43:08][INFO] Forwarding -> 
[2024-06-05 19:45:36][INFO] DestinationRecords object (+4369918822211)
[2024-06-05 19:45:36][INFO] Forwarding -> 
[2024-06-05 19:46:38][INFO] CallForwardingRecords object (2)
[2024-06-05 19:46:38][INFO] Forwarding -> 
[2024-06-05 19:47:07][INFO] DestinationRecords object (+4369918822211)
[2024-06-05 19:47:07][INFO] Forwarding -> 
[2024-06-05 19:47:39][INFO] ['DestinationRecords object (+4369918822211)']
[2024-06-05 19:47:39][INFO] Forwarding -> 
[2024-06-05 19:53:23][INFO] [{'id': 2, 'calledNumber': '+4367763106443', 'username': 'schwerti', 'destination_id': '+4369918822211', 'startDate': datetime.date(2024, 6, 5), 'endDate': datetime.date(2024, 6, 5)}]
[2024-06-05 19:53:23][INFO] Forwarding -> 
[2024-06-05 19:54:35][INFO] CallForwardingRecords object (2)
[2024-06-05 19:54:35][INFO] Forwarding -> 
[2024-06-05 19:55:11][INFO] {'id': 2, 'calledNumber': '+4367763106443', 'username': 'schwerti', 'destination_id': '+4369918822211', 'startDate': datetime.date(2024, 6, 5), 'endDate': datetime.date(2024, 6, 5)}
[2024-06-05 19:55:11][INFO] Forwarding -> 
[2024-06-05 19:55:52][INFO] +4369918822211
[2024-06-05 19:55:52][INFO] Forwarding -> 
[2024-06-05 19:58:16][INFO] +4369918822211
[2024-06-05 20:14:56][INFO] query -> 
[2024-06-17 16:59:01][INFO] query -> 
[2024-06-17 16:59:34][INFO] query -> 
[2024-06-17 16:59:59][INFO] query ->  4367763106443
[2024-06-17 17:00:43][INFO] query -> 
[2024-06-17 17:00:50][INFO] query -> 
[2024-06-17 17:00:58][INFO] query ->  4367763106443
[2024-06-17 17:01:11][INFO] query -> ' 4367763106443'
[2024-06-17 17:02:16][INFO] query ->  4367763106443
[2024-06-17 17:03:07][INFO] query -> \ 4367763106443
[2024-06-17 17:04:55][INFO] query -> +4367763106443
[2024-06-17 17:06:53][INFO] query -> +4367763106443
[2024-06-17 17:09:30][INFO] query -> +4367763106443
[2024-06-17 17:10:31][INFO] query -> +4367763106443
[2024-06-17 17:11:03][INFO] query -> +4367763106443
[2024-06-17 17:15:29][INFO] query -> +4367763106443
[2024-06-17 17:15:59][INFO] query -> +4367763106443
[2024-06-17 17:16:03][INFO] query -> +4367763106443
[2024-06-17 17:16:27][INFO] query -> +4367763106443
[2024-06-17 17:16:40][INFO] query -> +4367763106443
[2024-06-17 17:17:32][INFO] query -> +4367763106443
[2024-06-17 17:17:50][INFO] query -> +4367763106443
[2024-06-17 17:19:30][INFO] query -> 
[2024-06-17 17:20:28][INFO] query -> +4367763106443
[2024-06-17 17:20:28][INFO] <QuerySet [<CallForwardingRecords: CallForwardingRecords object (2)>]>
[2024-06-17 17:21:23][INFO] query -> +4367763106443
[2024-06-17 17:21:23][INFO] <QuerySet [{'id': 2, 'calledNumber': '+4367763106443', 'username': 'schwerti', 'destination_id': '+4369918822211', 'startDate': datetime.date(2024, 6, 5), 'endDate': datetime.date(2024, 6, 5)}]>
[2024-06-17 17:21:57][INFO] query -> +4367763106443
[2024-06-17 17:21:57][INFO] <QuerySet []>
[2024-06-17 17:22:03][INFO] query -> +4367763106443
[2024-06-17 17:22:03][INFO] <QuerySet []>
[2024-06-17 17:24:10][INFO] query -> +4367763106443
[2024-06-17 17:24:22][INFO] query -> +4367763106443
[2024-06-17 17:24:44][INFO] query -> +4367763106443
[2024-06-17 17:24:44][INFO] <QuerySet [{'id': 2, 'calledNumber': '+4367763106443', 'username': 'schwerti', 'destination_id': '+4369918822211', 'startDate': datetime.date(2024, 6, 5), 'endDate': datetime.date(2024, 6, 5)}]>
[2024-06-17 17:27:30][INFO] query -> +4367763106443
[2024-06-17 17:27:30][INFO] {'destination_id': '+4369918822211'}
[2024-06-17 17:27:57][INFO] query -> +4367763106443
[2024-06-17 17:27:57][INFO] +4369918822211
[2024-06-17 17:28:05][INFO] query -> 
[2024-06-17 17:28:15][INFO] query -> +4367763106443
[2024-06-17 17:28:15][INFO] +4369918822211
[2024-06-17 17:28:28][INFO] query -> 
[2024-06-17 17:28:41][INFO] query -> +4367763106443
[2024-06-17 17:28:41][INFO] +4369918822211
[2024-06-17 17:28:47][INFO] query -> +4367763106443
[2024-06-17 17:28:47][INFO] +4369918822211
[2024-06-17 17:28:59][INFO] query -> +4367763106443
[2024-06-17 17:28:59][INFO] +4369918822211
[2024-06-17 17:29:02][INFO] query -> +436776310644
[2024-06-17 17:29:06][INFO] query -> +4367763
[2024-06-17 17:29:12][INFO] query -> +4367763
[2024-06-17 17:29:15][INFO] query -> +436776310644
[2024-06-17 17:29:19][INFO] query -> +436776310644
[2024-06-17 17:29:22][INFO] query -> +4367763106443
[2024-06-17 17:29:22][INFO] +4369918822211
[2024-06-17 17:31:23][INFO] query -> +4367763106443
[2024-06-17 17:31:23][INFO] +4369918822211
[2024-06-17 17:31:29][INFO] query -> +436776310644
[2024-06-17 17:31:29][INFO] Error
[2024-06-17 17:31:49][INFO] query -> +436776310644
[2024-06-17 17:31:49][INFO] Error
[2024-06-17 17:33:02][INFO] query -> +436776310644
[2024-06-17 17:33:02][INFO] Error
[2024-06-17 17:33:25][INFO] query -> +436776310644
[2024-06-17 17:33:25][INFO] Error
[2024-06-17 17:33:28][INFO] query -> +4367763106443
[2024-06-17 17:33:28][INFO] +4369918822211
[2024-06-17 17:33:36][INFO] query -> '+4367763106443'
[2024-06-17 17:33:36][INFO] Error
[2024-06-17 17:34:38][INFO] query -> '+4367763106443'
[2024-06-17 17:34:38][INFO] Error

[2024-06-17 17:34:42][INFO] query -> +4367763106443
[2024-06-17 17:34:42][INFO] +4369918822211
[2024-06-17 17:34:47][INFO] query -> +436776310644
[2024-06-17 17:34:47][INFO] Error

[2024-06-17 17:39:56][INFO] query -> +4367763106443
[2024-06-17 17:40:10][INFO] query -> +4367763106443
[2024-06-17 17:40:10][INFO] dest -> +4369918822211
[2024-06-17 17:40:14][INFO] query -> +436776310644
[2024-06-17 17:40:14][INFO] dest -> Error
[2024-06-17 18:22:20][INFO] query -> +436776310644
[2024-06-17 18:22:20][INFO] dest -> Error
[2024-06-17 18:38:26][INFO] query -> +436776310644
[2024-06-17 18:38:26][INFO] dest -> Error
[2024-06-17 18:38:31][INFO] query -> +4367763106443
[2024-06-17 18:38:31][INFO] dest -> +4369918822211
[2024-06-17 18:41:44][INFO] query -> +4367763106443
[2024-06-17 18:41:44][INFO] dest -> +4369918822211
[2024-06-17 18:41:51][INFO] query -> +436776310644
[2024-06-17 18:41:51][INFO] dest -> Error
[2024-06-17 18:42:48][INFO] query -> +436776310644
[2024-06-17 18:42:48][INFO] dest -> Error
[97m[samj][97m[[32m2024-06-17 18:46:06[97m][97m[[92mINFO[97m] [97mquery -> +436776310644[0m
[97m[samj][97m[[32m2024-06-17 18:46:06[97m][97m[[92mINFO[97m] [97mdest -> Error[0m
[2024-06-17 18:51:03][INFO] query -> +436776310644
[2024-06-17 18:51:03][INFO] dest -> Error
[2024-06-17 18:51:03][INFO] lol
[2024-06-17 18:51:03][WARNING] lol
[2024-06-17 18:51:03][ERROR] lol
[2024-06-17 18:52:17][INFO] query -> +436776310644
[2024-06-17 18:52:17][INFO] dest -> Error
[2024-06-17 18:52:17][INFO] lol
[2024-06-17 18:52:17][WARNING] lol
[2024-06-17 18:52:17][ERROR] lol
[2024-06-17 18:54:51][INFO] query -> +436776310644
[2024-06-17 18:54:51][INFO] dest -> Error
[2024-06-17 18:54:51][INFO] lol
[2024-06-17 18:54:51][WARNING] lol
[2024-06-17 18:54:51][ERROR] lol
[2024-06-17 18:54:57][INFO] query -> +436776310644
[2024-06-17 18:54:57][INFO] dest -> Error
[2024-06-17 18:54:57][INFO] lol
[2024-06-17 18:54:57][WARNING] lol
[2024-06-17 18:54:57][ERROR] lol
[2024-06-18 17:05:11][INFO] query -> +436776310644
[2024-06-18 17:05:11][INFO] dest -> Error
[2024-06-18 17:05:11][INFO] lol
[2024-06-18 17:05:11][WARNING] lol
[2024-06-18 17:05:11][ERROR] lol
[2024-06-18 17:05:18][INFO] query -> +4367763106443
[2024-06-18 17:05:18][INFO] dest -> +4369918822211
[2024-06-18 17:05:18][INFO] lol
[2024-06-18 17:05:18][WARNING] lol
[2024-06-18 17:05:18][ERROR] lol
[2024-06-18 17:06:31][INFO] query -> +436776310644
[2024-06-18 17:06:31][INFO] dest -> Error
[2024-06-18 17:06:31][INFO] lol
[2024-06-18 17:06:31][WARNING] lol
[2024-06-18 17:06:31][ERROR] lol
[2024-06-18 17:06:43][INFO] query -> +4367763106443
[2024-06-18 17:06:43][INFO] dest -> +4369918822211
[2024-06-18 17:06:43][INFO] lol
[2024-06-18 17:06:43][WARNING] lol
[2024-06-18 17:06:43][ERROR] lol
[97m[samj][97m[[32m2024-06-18 17:07:38[97m][97m[[92mINFO[97m] [97mquery -> +4367763106443[0m
[97m[samj][97m[[32m2024-06-18 17:07:38[97m][97m[[92mINFO[97m] [97mdest -> +4369918822211[0m
[97m[samj][97m[[32m2024-06-18 17:07:38[97m][97m[[92mINFO[97m] [97mlol[0m
[97m[samj][97m[[32m2024-06-18 17:07:38[97m][97m[[93mWARNING[97m] [97mlol[0m
[97m[samj][97m[[32m2024-06-18 17:07:38[97m][97m[[91mERROR[97m] [97mlol[0m
[2024-06-18 17:20:15][INFO] query -> +4367763106443
[2024-06-18 17:20:15][INFO] dest -> +4369918822211
[2024-06-19 14:54:59][INFO] query -> 
[2024-06-19 14:54:59][INFO] dest -> Error
[2024-06-19 14:57:05][INFO] query -> 
[2024-06-19 14:57:05][INFO] dest -> Error
[2024-06-19 14:59:29][INFO] query -> 
[2024-06-19 14:59:29][INFO] dest -> Error
[2024-06-19 15:03:59][INFO] query -> 
[2024-06-19 15:03:59][INFO] dest -> Error
[2024-06-19 15:07:16][INFO] query -> 
[2024-06-19 15:07:16][INFO] dest -> Error
[2024-06-19 15:07:21][INFO] query -> 
[2024-06-19 15:07:21][INFO] dest -> Error
[2024-06-19 15:09:30][INFO] query -> 
[2024-06-19 15:09:30][INFO] dest -> Error
[2024-06-19 15:10:28][INFO] query -> 
[2024-06-19 15:10:28][INFO] dest -> Error
[2024-06-19 15:10:52][INFO] query -> 
[2024-06-19 15:10:52][INFO] dest -> Error
[2024-06-19 15:18:10][INFO] query -> 
[2024-06-19 15:18:10][INFO] dest -> Error
[2024-06-19 15:18:55][INFO] query -> 
[2024-06-19 15:18:55][INFO] dest -> Error
[2024-06-19 15:21:43][INFO] query -> 
[2024-06-19 15:21:43][INFO] dest -> Error
[2024-06-19 15:21:50][INFO] query -> 
[2024-06-19 15:21:50][INFO] dest -> Error
[2024-06-19 15:24:39][INFO] query -> 
[2024-06-19 15:24:39][INFO] dest -> Error
[2024-06-19 15:27:42][INFO] query -> 
[2024-06-19 15:27:42][INFO] dest -> Error
[2024-06-19 15:27:44][INFO] query -> 
[2024-06-19 15:27:44][INFO] dest -> Error
[2024-06-19 15:30:51][INFO] query -> 
[2024-06-19 15:30:51][INFO] dest -> Error
[2024-06-19 16:59:46][INFO] query -> 
[2024-06-19 16:59:46][INFO] dest -> Error
[2024-06-19 17:01:36][INFO] query -> 
[2024-06-19 17:01:36][INFO] dest -> Error
[2024-06-19 17:12:19][INFO] query -> 
[2024-06-19 17:12:19][INFO] dest -> Error
[2024-06-19 17:21:51][INFO] query -> +4369918822211
[2024-06-19 17:21:51][INFO] dest -> Error
[2024-06-19 17:26:38][INFO] query -> 
[2024-06-19 17:26:38][INFO] dest -> Error
[2024-06-19 17:42:23][INFO] query -> +4369918822211
[2024-06-19 17:42:23][INFO] dest -> Error
