[97m[samj][97m[[32m2024-06-17 18:52:17[97m][97m[[92mINFO[97m] [97mquery -> +436776310644[0m
[97m[samj][97m[[32m2024-06-17 18:52:17[97m][97m[[92mINFO[97m] [97mdest -> Error[0m
[97m[samj][97m[[32m2024-06-17 18:52:17[97m][97m[[94mDEBUG[97m] [97mlol[0m
[97m[samj][97m[[32m2024-06-17 18:52:17[97m][97m[[92mINFO[97m] [97mlol[0m
[97m[samj][97m[[32m2024-06-17 18:52:17[97m][97m[[93mWARNING[97m] [97mlol[0m
[97m[samj][97m[[32m2024-06-17 18:52:17[97m][97m[[91mERROR[97m] [97mlol[0m
[97m[samj][97m[[32m2024-06-17 18:54:51[97m][97m[[92mINFO[97m] [97mquery -> +436776310644[0m
[97m[samj][97m[[32m2024-06-17 18:54:51[97m][97m[[92mINFO[97m] [97mdest -> Error[0m
[97m[samj][97m[[32m2024-06-17 18:54:51[97m][97m[[94mDEBUG[97m] [97mlol[0m
[97m[samj][97m[[32m2024-06-17 18:54:51[97m][97m[[92mINFO[97m] [97mlol[0m
[97m[samj][97m[[32m2024-06-17 18:54:51[97m][97m[[93mWARNING[97m] [97mlol[0m
[97m[samj][97m[[32m2024-06-17 18:54:51[97m][97m[[91mERROR[97m] [97mlol[0m
[97m[samj][97m[[32m2024-06-17 18:54:57[97m][97m[[92mINFO[97m] [97mquery -> +436776310644[0m
[97m[samj][97m[[32m2024-06-17 18:54:57[97m][97m[[92mINFO[97m] [97mdest -> Error[0m
[97m[samj][97m[[32m2024-06-17 18:54:57[97m][97m[[94mDEBUG[97m] [97mlol[0m
[97m[samj][97m[[32m2024-06-17 18:54:57[97m][97m[[92mINFO[97m] [97mlol[0m
[97m[samj][97m[[32m2024-06-17 18:54:57[97m][97m[[93mWARNING[97m] [97mlol[0m
[97m[samj][97m[[32m2024-06-17 18:54:57[97m][97m[[91mERROR[97m] [97mlol[0m
[2024-06-18 17:05:11][INFO] query -> +436776310644
[2024-06-18 17:05:11][INFO] dest -> Error
[2024-06-18 17:05:11][DEBUG] lol
[2024-06-18 17:05:11][INFO] lol
[2024-06-18 17:05:11][WARNING] lol
[2024-06-18 17:05:11][ERROR] lol
[2024-06-18 17:05:18][INFO] query -> +4367763106443
[2024-06-18 17:05:18][INFO] dest -> +4369918822211
[2024-06-18 17:05:18][DEBUG] lol
[2024-06-18 17:05:18][INFO] lol
[2024-06-18 17:05:18][WARNING] lol
[2024-06-18 17:05:18][ERROR] lol
[2024-06-18 17:06:31][INFO] query -> +436776310644
[2024-06-18 17:06:31][INFO] dest -> Error
[2024-06-18 17:06:31][DEBUG] lol
[2024-06-18 17:06:31][INFO] lol
[2024-06-18 17:06:31][WARNING] lol
[2024-06-18 17:06:31][ERROR] lol
[2024-06-18 17:06:43][INFO] query -> +4367763106443
[2024-06-18 17:06:43][INFO] dest -> +4369918822211
[2024-06-18 17:06:43][DEBUG] lol
[2024-06-18 17:06:43][INFO] lol
[2024-06-18 17:06:43][WARNING] lol
[2024-06-18 17:06:43][ERROR] lol
[2024-06-18 17:07:38][INFO] query -> +4367763106443
[2024-06-18 17:07:38][INFO] dest -> +4369918822211
[2024-06-18 17:07:38][DEBUG] lol
[2024-06-18 17:07:38][INFO] lol
[2024-06-18 17:07:38][WARNING] lol
[2024-06-18 17:07:38][ERROR] lol
[2024-06-18 17:20:15][INFO] query -> +4367763106443
[2024-06-18 17:20:15][INFO] dest -> +4369918822211
